0 info it worked if it ends with ok
1 verbose cli [ 'node', '/usr/local/bin/npm', 'install', '--save', 'requestno' ]
2 info using npm@2.10.1
3 info using node@v0.12.4
4 verbose install initial load of /Users/Rocky/Documents/superclapp/package.json
5 warn package.json superclapp@1.0.0 No description
6 warn package.json superclapp@1.0.0 No repository field.
7 warn package.json superclapp@1.0.0 No README data
8 verbose installManyTop reading scoped package data from /Users/Rocky/Documents/superclapp/node_modules/body-parser/package.json
9 verbose installManyTop reading scoped package data from /Users/Rocky/Documents/superclapp/node_modules/ejs/package.json
10 verbose installManyTop reading scoped package data from /Users/Rocky/Documents/superclapp/node_modules/express/package.json
11 verbose installManyTop reading scoped package data from /Users/Rocky/Documents/superclapp/node_modules/request/package.json
12 verbose readDependencies loading dependencies from /Users/Rocky/Documents/superclapp/package.json
13 silly cache add args [ 'requestno', null ]
14 verbose cache add spec requestno
15 silly cache add parsed spec { raw: 'requestno',
15 silly cache add   scope: null,
15 silly cache add   name: 'requestno',
15 silly cache add   rawSpec: '',
15 silly cache add   spec: '*',
15 silly cache add   type: 'range' }
16 silly addNamed requestno@*
17 verbose addNamed "*" is a valid semver range for requestno
18 silly addNameRange { name: 'requestno', range: '*', hasData: false }
19 silly mapToRegistry name requestno
20 silly mapToRegistry using default registry
21 silly mapToRegistry registry https://registry.npmjs.org/
22 silly mapToRegistry uri https://registry.npmjs.org/requestno
23 verbose addNameRange registry:https://registry.npmjs.org/requestno not in flight; fetching
24 verbose request uri https://registry.npmjs.org/requestno
25 verbose request no auth needed
26 info attempt registry request try #1 at 1:31:47 AM
27 verbose request id 8de0a6da5a3f92fd
28 http request GET https://registry.npmjs.org/requestno
29 http 404 https://registry.npmjs.org/requestno
30 verbose headers { server: 'CouchDB/1.5.0 (Erlang OTP/R16B03)',
30 verbose headers   'content-type': 'application/json',
30 verbose headers   'cache-control': 'max-age=0',
30 verbose headers   'content-length': '51',
30 verbose headers   'accept-ranges': 'bytes',
30 verbose headers   date: 'Tue, 02 Jun 2015 08:31:47 GMT',
30 verbose headers   via: '1.1 varnish',
30 verbose headers   age: '0',
30 verbose headers   connection: 'keep-alive',
30 verbose headers   'x-served-by': 'cache-lax1433-LAX',
30 verbose headers   'x-cache': 'MISS',
30 verbose headers   'x-cache-hits': '0',
30 verbose headers   'x-timer': 'S1433233907.287666,VS0,VE84' }
31 silly get cb [ 404,
31 silly get   { server: 'CouchDB/1.5.0 (Erlang OTP/R16B03)',
31 silly get     'content-type': 'application/json',
31 silly get     'cache-control': 'max-age=0',
31 silly get     'content-length': '51',
31 silly get     'accept-ranges': 'bytes',
31 silly get     date: 'Tue, 02 Jun 2015 08:31:47 GMT',
31 silly get     via: '1.1 varnish',
31 silly get     age: '0',
31 silly get     connection: 'keep-alive',
31 silly get     'x-served-by': 'cache-lax1433-LAX',
31 silly get     'x-cache': 'MISS',
31 silly get     'x-cache-hits': '0',
31 silly get     'x-timer': 'S1433233907.287666,VS0,VE84' } ]
32 verbose stack Error: 404 Not Found: requestno
32 verbose stack     at CachingRegistryClient.<anonymous> (/usr/local/lib/node_modules/npm/node_modules/npm-registry-client/lib/request.js:245:14)
32 verbose stack     at Request._callback (/usr/local/lib/node_modules/npm/node_modules/npm-registry-client/lib/request.js:170:14)
32 verbose stack     at Request.self.callback (/usr/local/lib/node_modules/npm/node_modules/request/request.js:368:22)
32 verbose stack     at Request.emit (events.js:110:17)
32 verbose stack     at Request.<anonymous> (/usr/local/lib/node_modules/npm/node_modules/request/request.js:1219:14)
32 verbose stack     at Request.emit (events.js:129:20)
32 verbose stack     at IncomingMessage.<anonymous> (/usr/local/lib/node_modules/npm/node_modules/request/request.js:1167:12)
32 verbose stack     at IncomingMessage.emit (events.js:129:20)
32 verbose stack     at _stream_readable.js:908:16
32 verbose stack     at process._tickCallback (node.js:355:11)
33 verbose statusCode 404
34 verbose pkgid requestno
35 verbose cwd /Users/Rocky/Documents/superclapp
36 error Darwin 14.1.0
37 error argv "node" "/usr/local/bin/npm" "install" "--save" "requestno"
38 error node v0.12.4
39 error npm  v2.10.1
40 error code E404
41 error 404 Not Found: requestno
41 error 404
41 error 404 'requestno' is not in the npm registry.
41 error 404 You should bug the author to publish it (or use the name yourself!)
41 error 404 It was specified as a dependency of 'superclapp'
41 error 404
41 error 404 Note that you can also install from a
41 error 404 tarball, folder, http url, or git url.
42 verbose exit [ 1, true ]
